<?xml version="1.0" encoding="UTF-8"?>
<testng-results skipped="0" failed="0" total="4" passed="4">
  <reporter-output>
  </reporter-output>
  <suite name="Default suite" duration-ms="11082" started-at="2016-10-21T12:21:17Z" finished-at="2016-10-21T12:21:28Z">
    <groups>
    </groups>
    <test name="Default test" duration-ms="11082" started-at="2016-10-21T12:21:17Z" finished-at="2016-10-21T12:21:28Z">
      <class name="com.stta.SuiteOne.SuiteOneCaseTwo">
        <test-method status="PASS" signature="SuiteOneCaseTwoTest(java.lang.String, java.lang.String, java.lang.String, java.lang.String)[pri:0, instance:com.stta.SuiteOne.SuiteOneCaseTwo@6a192cfe]" name="SuiteOneCaseTwoTest" duration-ms="6930" started-at="2016-10-21T13:21:17Z" data-provider="SuiteOneCaseTwoData" finished-at="2016-10-21T13:21:24Z">
          <params>
            <param index="0">
              <value>
                <![CDATA[9]]>
              </value>
            </param>
            <param index="1">
              <value>
                <![CDATA[3]]>
              </value>
            </param>
            <param index="2">
              <value>
                <![CDATA[2]]>
              </value>
            </param>
            <param index="3">
              <value>
                <![CDATA[4]]>
              </value>
            </param>
          </params>
          <reporter-output>
          </reporter-output>
        </test-method> <!-- SuiteOneCaseTwoTest -->
        <test-method status="PASS" signature="reporterDataResults()[pri:0, instance:com.stta.SuiteOne.SuiteOneCaseTwo@6a192cfe]" name="reporterDataResults" is-config="true" duration-ms="11" started-at="2016-10-21T13:21:24Z" finished-at="2016-10-21T13:21:24Z">
          <reporter-output>
          </reporter-output>
        </test-method> <!-- reporterDataResults -->
        <test-method status="PASS" signature="SuiteOneCaseTwoTest(java.lang.String, java.lang.String, java.lang.String, java.lang.String)[pri:0, instance:com.stta.SuiteOne.SuiteOneCaseTwo@6a192cfe]" name="SuiteOneCaseTwoTest" duration-ms="1611" started-at="2016-10-21T13:21:24Z" data-provider="SuiteOneCaseTwoData" finished-at="2016-10-21T13:21:26Z">
          <params>
            <param index="0">
              <value>
                <![CDATA[5]]>
              </value>
            </param>
            <param index="1">
              <value>
                <![CDATA[2]]>
              </value>
            </param>
            <param index="2">
              <value>
                <![CDATA[5]]>
              </value>
            </param>
            <param index="3">
              <value>
                <![CDATA[-2]]>
              </value>
            </param>
          </params>
          <reporter-output>
          </reporter-output>
        </test-method> <!-- SuiteOneCaseTwoTest -->
        <test-method status="PASS" signature="reporterDataResults()[pri:0, instance:com.stta.SuiteOne.SuiteOneCaseTwo@6a192cfe]" name="reporterDataResults" is-config="true" duration-ms="10" started-at="2016-10-21T13:21:26Z" finished-at="2016-10-21T13:21:26Z">
          <reporter-output>
          </reporter-output>
        </test-method> <!-- reporterDataResults -->
      </class> <!-- com.stta.SuiteOne.SuiteOneCaseTwo -->
      <class name="com.stta.SuiteOne.SuiteOneCaseOne">
        <test-method status="PASS" signature="checkCaseToRun()[pri:0, instance:com.stta.SuiteOne.SuiteOneCaseOne@5119fb47]" name="checkCaseToRun" is-config="true" duration-ms="19" started-at="2016-10-21T13:21:17Z" finished-at="2016-10-21T13:21:17Z">
          <reporter-output>
          </reporter-output>
        </test-method> <!-- checkCaseToRun -->
        <test-method status="PASS" signature="checkCaseToRun()[pri:0, instance:com.stta.SuiteOne.SuiteOneCaseTwo@6a192cfe]" name="checkCaseToRun" is-config="true" duration-ms="8" started-at="2016-10-21T13:21:17Z" finished-at="2016-10-21T13:21:17Z">
          <reporter-output>
          </reporter-output>
        </test-method> <!-- checkCaseToRun -->
        <test-method status="PASS" signature="SuiteOneCaseOneTest(java.lang.String, java.lang.String, java.lang.String, java.lang.String)[pri:0, instance:com.stta.SuiteOne.SuiteOneCaseOne@5119fb47]" name="SuiteOneCaseOneTest" duration-ms="1197" started-at="2016-10-21T13:21:26Z" data-provider="SuiteOneCaseOneData" finished-at="2016-10-21T13:21:27Z">
          <params>
            <param index="0">
              <value>
                <![CDATA[9]]>
              </value>
            </param>
            <param index="1">
              <value>
                <![CDATA[5]]>
              </value>
            </param>
            <param index="2">
              <value>
                <![CDATA[7]]>
              </value>
            </param>
            <param index="3">
              <value>
                <![CDATA[21]]>
              </value>
            </param>
          </params>
          <reporter-output>
          </reporter-output>
        </test-method> <!-- SuiteOneCaseOneTest -->
        <test-method status="PASS" signature="reporterDataResults()[pri:0, instance:com.stta.SuiteOne.SuiteOneCaseOne@5119fb47]" name="reporterDataResults" is-config="true" duration-ms="9" started-at="2016-10-21T13:21:27Z" finished-at="2016-10-21T13:21:27Z">
          <reporter-output>
          </reporter-output>
        </test-method> <!-- reporterDataResults -->
        <test-method status="PASS" signature="SuiteOneCaseOneTest(java.lang.String, java.lang.String, java.lang.String, java.lang.String)[pri:0, instance:com.stta.SuiteOne.SuiteOneCaseOne@5119fb47]" name="SuiteOneCaseOneTest" duration-ms="1230" started-at="2016-10-21T13:21:27Z" data-provider="SuiteOneCaseOneData" finished-at="2016-10-21T13:21:28Z">
          <params>
            <param index="0">
              <value>
                <![CDATA[3]]>
              </value>
            </param>
            <param index="1">
              <value>
                <![CDATA[7]]>
              </value>
            </param>
            <param index="2">
              <value>
                <![CDATA[3]]>
              </value>
            </param>
            <param index="3">
              <value>
                <![CDATA[13]]>
              </value>
            </param>
          </params>
          <reporter-output>
          </reporter-output>
        </test-method> <!-- SuiteOneCaseOneTest -->
        <test-method status="PASS" signature="reporterDataResults()[pri:0, instance:com.stta.SuiteOne.SuiteOneCaseOne@5119fb47]" name="reporterDataResults" is-config="true" duration-ms="9" started-at="2016-10-21T13:21:28Z" finished-at="2016-10-21T13:21:28Z">
          <reporter-output>
          </reporter-output>
        </test-method> <!-- reporterDataResults -->
        <test-method status="PASS" signature="closeBrowser()[pri:0, instance:com.stta.SuiteOne.SuiteOneCaseOne@5119fb47]" name="closeBrowser" is-config="true" duration-ms="13" started-at="2016-10-21T13:21:28Z" finished-at="2016-10-21T13:21:28Z">
          <reporter-output>
          </reporter-output>
        </test-method> <!-- closeBrowser -->
        <test-method status="PASS" signature="closeBrowser()[pri:0, instance:com.stta.SuiteOne.SuiteOneCaseTwo@6a192cfe]" name="closeBrowser" is-config="true" duration-ms="13" started-at="2016-10-21T13:21:28Z" finished-at="2016-10-21T13:21:28Z">
          <reporter-output>
          </reporter-output>
        </test-method> <!-- closeBrowser -->
      </class> <!-- com.stta.SuiteOne.SuiteOneCaseOne -->
      <class name="com.stta.SuiteOne.SuiteOneBase">
        <test-method status="PASS" signature="checkSuiteToRun()[pri:0, instance:com.stta.SuiteOne.SuiteOneBase@1ea9f6af]" name="checkSuiteToRun" is-config="true" duration-ms="299" started-at="2016-10-21T13:21:17Z" finished-at="2016-10-21T13:21:17Z">
          <reporter-output>
          </reporter-output>
        </test-method> <!-- checkSuiteToRun -->
      </class> <!-- com.stta.SuiteOne.SuiteOneBase -->
    </test> <!-- Default test -->
  </suite> <!-- Default suite -->
</testng-results>
