<html xmlns:math="http://exslt.org/math" xmlns:testng="http://testng.org">
   <head>
      <title>TestNG Results</title>
      <meta http-equiv="content-type" content="text/html; charset=utf-8"></meta>
      <meta http-equiv="pragma" content="no-cache"></meta>
      <meta http-equiv="cache-control" content="max-age=0"></meta>
      <meta http-equiv="cache-control" content="no-cache"></meta>
      <meta http-equiv="cache-control" content="no-store"></meta>
      <LINK rel="stylesheet" href="style.css"></LINK>
      <script type="text/javascript" src="main.js"></script>
   </head>
   <body>
      <table width="100%" style="font-size: 16px; margin-bottom: 10px;" cellspacing="1">
         <tr>
            <td width="100%">
               Test case
               
               <b>SuiteOneCaseTwo</b>
            </td>
            <td style="background-color: #FFBBBB; padding: 3px 3px 3px 0;" align="center">
               <div style="width: 50px;">2</div>
            </td>
            <td style="background-color: lightgreen; padding: 3px 3px 3px 0;" align="center">
               <div style="width: 50px;">0</div>
            </td>
            <td style="background-color: #FFFFBB; padding: 3px 3px 3px 0;" align="center">
               <div style="width: 50px;">0</div>
            </td>
            <td align="center" style="background-color: #eaf0f7; padding: 3px 3px 3px 0;">
               <div style="width: 50px;">2</div>
            </td>
            <td align="center"
                style="font-weight: bold; background-color: #eaf0f7; padding: 3px 3px 3px 0;">
               <div style="width: 50px;">0%</div>
            </td>
            <td style="background-color: #eaf0f7; padding: 3px 3px 3px 0;" align="center"
                nowrap="true">44s
               
            </td>
         </tr>
      </table>
      <div style="width: 200px;">
         <label for="groupMethodsCheckBox" style="font-weight: bold; margin: 0;">
            <input id="groupMethodsCheckBox" type="checkbox" onclick="switchTestMethodsView(this)"></input>
            Group by class
            
         </label>
         <br></br>
         <label for="methodsFilter_ALL" style="font-weight: bold; margin: 0;">
            <input id="methodsFilter_ALL" type="checkbox"
                   onclick="testMethodsFilterChanged(this, 'ALL')"></input>
            All
            
         </label>
      </div>
      <label for="methodsFilter_FAIL" style="margin-left: 20px;">
         <input id="methodsFilter_FAIL" type="checkbox"
                onclick="testMethodsFilterChanged(this, 'FAIL')"
                checked=""></input>
         Failed
         
      </label>
      <label for="methodsFilter_PASS">
         <input id="methodsFilter_PASS" type="checkbox"
                onclick="testMethodsFilterChanged(this, 'PASS')"
                checked=""></input>
         Passed
         
      </label>
      <label for="methodsFilter_SKIP">
         <input id="methodsFilter_SKIP" type="checkbox"
                onclick="testMethodsFilterChanged(this, 'SKIP')"
                checked=""></input>
         Skipped
         
      </label>
      <label for="methodsFilter_CONF">
         <input id="methodsFilter_CONF" type="checkbox"
                onclick="testMethodsFilterChanged(this, 'CONF')"></input>
         Config
         
      </label>
      <br></br>
      <div id="testMethodsByStatus">
         <table class="testMethodsTable" cellpadding="0" cellspacing="0">
            <tr class="methodsTableHeader">
               <td width="100%">Name</td>
               <td nowrap="true">Started</td>
               <td nowrap="true">Duration</td>
               <td>Exception</td>
            </tr>
            <tr id="com.stta.SuiteOne.SuiteOneCaseTwo_SuiteOneCaseTwoTest_byStatus_failed_FAIL1_row"
                class="testMethodStatusFAIL">
               <td width="100%" class="firstMethodCell">
                  <a onclick="toggleDetailsVisibility('com.stta.SuiteOne.SuiteOneCaseTwo_SuiteOneCaseTwoTest_byStatus_failed_FAIL1_details')">SuiteOneCaseTwoTest(9
                     
                     ,
                     
                     3
                     
                     ,
                     
                     2
                     
                     ,
                     
                     4)
                  </a>
               </td>
               <td nowrap="true">16:18:14</td>
               <td nowrap="true" align="right">22s
                  
               </td>
               <td nowrap="true">
                  <a onclick="toggleDetailsVisibility('com.stta.SuiteOne.SuiteOneCaseTwo_SuiteOneCaseTwoTest_byStatus_failed_FAIL1_exception')">org.openqa.selenium.WebDriverException: 
                     org.apache.http.conn.HttpHostConnectException: Connect to localhost:13624 [localhost/127.0.0.1, localhost/0:0:0:0:0:0:0:1]
                     failed: Connection refused: connect
                     Build info: version: 'unknown', revision: '3169782', time: '2016-09-29 10:24:50 -0700'
                     System info: host: 'DELLDQRHWX1', ip: '192.168.10.215', os.name: 'Windows 10', os.arch: 'amd64', os.version: '10.0', java.version:
                     '1.8.0_101'
                     Driver info: driver.version: FirefoxDriver
                     
                  </a>
                   
                  
               </td>
            </tr>
            <tr>
               <td colspan="4" class="detailsBox">
                  <div id="com.stta.SuiteOne.SuiteOneCaseTwo_SuiteOneCaseTwoTest_byStatus_failed_FAIL1_details"
                       class="testMethodDetails">
                     <div>
                        <b>Name: </b>SuiteOneCaseTwoTest
                     </div>
                     <div>
                        <b>Signature: </b>SuiteOneCaseTwoTest(java.lang.String, java.lang.String, java.lang.String, java.lang.String)[pri:0, instance:com.stta.SuiteOne.SuiteOneCaseTwo@16c0663d]
                     </div>
                     <div>
                        <b>Parameters: </b>
                        
                        9
                        
                        ,
                        
                        3
                        
                        ,
                        
                        2
                        
                        ,
                        
                        4
                        
                        
                     </div>
                     <div>
                        <b>Start time: </b>16:18:14
                     </div>
                     <div>
                        <b>End time: </b>16:18:36
                     </div>
                     <div>
                        <b>Duration: </b>22s
                        
                     </div>
                  </div>
               </td>
            </tr>
            <tr>
               <td colspan="4" class="detailsBox">
                  <div id="com.stta.SuiteOne.SuiteOneCaseTwo_SuiteOneCaseTwoTest_byStatus_failed_FAIL1_exception"
                       class="testMethodDetails">
                     <pre style="padding: 5px; margin: 0;">org.openqa.selenium.WebDriverException: org.apache.http.conn.HttpHostConnectException: Connect to localhost:13624 [localhost/127.0.0.1,
                        localhost/0:0:0:0:0:0:0:1] failed: Connection refused: connect
                        Build info: version: 'unknown', revision: '3169782', time: '2016-09-29 10:24:50 -0700'
                        System info: host: 'DELLDQRHWX1', ip: '192.168.10.215', os.name: 'Windows 10', os.arch: 'amd64', os.version: '10.0', java.version:
                        '1.8.0_101'
                        Driver info: driver.version: FirefoxDriver
                        	at org.openqa.selenium.remote.service.DriverCommandExecutor.execute(DriverCommandExecutor.java:91)
                        	at org.openqa.selenium.remote.RemoteWebDriver.execute(RemoteWebDriver.java:602)
                        	at org.openqa.selenium.remote.RemoteWebDriver.startSession(RemoteWebDriver.java:242)
                        	at org.openqa.selenium.remote.RemoteWebDriver.&lt;init&gt;(RemoteWebDriver.java:129)
                        	at org.openqa.selenium.firefox.FirefoxDriver.&lt;init&gt;(FirefoxDriver.java:247)
                        	at org.openqa.selenium.firefox.FirefoxDriver.&lt;init&gt;(FirefoxDriver.java:235)
                        	at org.openqa.selenium.firefox.FirefoxDriver.&lt;init&gt;(FirefoxDriver.java:230)
                        	at org.openqa.selenium.firefox.FirefoxDriver.&lt;init&gt;(FirefoxDriver.java:226)
                        	at org.openqa.selenium.firefox.FirefoxDriver.&lt;init&gt;(FirefoxDriver.java:124)
                        	at com.stta.TestSuiteBase.SuiteBase.loadWebBrowser(SuiteBase.java:37)
                        	at com.stta.SuiteOne.SuiteOneCaseTwo.SuiteOneCaseTwoTest(SuiteOneCaseTwo.java:81)
                        	at sun.reflect.NativeMethodAccessorImpl.invoke0(Native Method)
                        	at sun.reflect.NativeMethodAccessorImpl.invoke(NativeMethodAccessorImpl.java:62)
                        	at sun.reflect.DelegatingMethodAccessorImpl.invoke(DelegatingMethodAccessorImpl.java:43)
                        	at java.lang.reflect.Method.invoke(Method.java:498)
                        	at org.testng.internal.MethodInvocationHelper.invokeMethod(MethodInvocationHelper.java:100)
                        	at org.testng.internal.Invoker.invokeMethod(Invoker.java:646)
                        	at org.testng.internal.Invoker.invokeTestMethod(Invoker.java:811)
                        	at org.testng.internal.Invoker.invokeTestMethods(Invoker.java:1137)
                        	at org.testng.internal.TestMethodWorker.invokeTestMethods(TestMethodWorker.java:129)
                        	at org.testng.internal.TestMethodWorker.run(TestMethodWorker.java:112)
                        	at org.testng.TestRunner.privateRun(TestRunner.java:753)
                        	at org.testng.TestRunner.run(TestRunner.java:607)
                        	at org.testng.SuiteRunner.runTest(SuiteRunner.java:368)
                        	at org.testng.SuiteRunner.runSequentially(SuiteRunner.java:363)
                        	at org.testng.SuiteRunner.privateRun(SuiteRunner.java:321)
                        	at org.testng.SuiteRunner.run(SuiteRunner.java:270)
                        	at org.testng.SuiteRunnerWorker.runSuite(SuiteRunnerWorker.java:52)
                        	at org.testng.SuiteRunnerWorker.run(SuiteRunnerWorker.java:86)
                        	at org.testng.TestNG.runSuitesSequentially(TestNG.java:1284)
                        	at org.testng.TestNG.runSuitesSequentially(TestNG.java:1280)
                        	at org.testng.TestNG.runSuitesLocally(TestNG.java:1209)
                        	at org.testng.TestNG.runSuites(TestNG.java:1124)
                        	at org.testng.TestNG.run(TestNG.java:1096)
                        	at org.testng.TestNG.privateMain(TestNG.java:1425)
                        	at org.testng.TestNG.main(TestNG.java:1394)
                        Caused by: org.apache.http.conn.HttpHostConnectException: Connect to localhost:13624 [localhost/127.0.0.1, localhost/0:0:0:0:0:0:0:1]
                        failed: Connection refused: connect
                        	at org.apache.http.impl.conn.DefaultHttpClientConnectionOperator.connect(DefaultHttpClientConnectionOperator.java:158)
                        	at org.apache.http.impl.conn.PoolingHttpClientConnectionManager.connect(PoolingHttpClientConnectionManager.java:353)
                        	at org.apache.http.impl.execchain.MainClientExec.establishRoute(MainClientExec.java:380)
                        	at org.apache.http.impl.execchain.MainClientExec.execute(MainClientExec.java:236)
                        	at org.apache.http.impl.execchain.ProtocolExec.execute(ProtocolExec.java:184)
                        	at org.apache.http.impl.execchain.RetryExec.execute(RetryExec.java:88)
                        	at org.apache.http.impl.execchain.RedirectExec.execute(RedirectExec.java:110)
                        	at org.apache.http.impl.client.InternalHttpClient.doExecute(InternalHttpClient.java:184)
                        	at org.apache.http.impl.client.CloseableHttpClient.execute(CloseableHttpClient.java:71)
                        	at org.apache.http.impl.client.CloseableHttpClient.execute(CloseableHttpClient.java:55)
                        	at org.openqa.selenium.remote.internal.ApacheHttpClient.fallBackExecute(ApacheHttpClient.java:142)
                        	at org.openqa.selenium.remote.internal.ApacheHttpClient.execute(ApacheHttpClient.java:88)
                        	at org.openqa.selenium.remote.ProtocolHandshake.createSession(ProtocolHandshake.java:97)
                        	at org.openqa.selenium.remote.ProtocolHandshake.createSession(ProtocolHandshake.java:55)
                        	at org.openqa.selenium.remote.HttpCommandExecutor.execute(HttpCommandExecutor.java:141)
                        	at org.openqa.selenium.remote.service.DriverCommandExecutor.execute(DriverCommandExecutor.java:82)
                        	... 35 more
                        Caused by: java.net.ConnectException: Connection refused: connect
                        	at java.net.DualStackPlainSocketImpl.waitForConnect(Native Method)
                        	at java.net.DualStackPlainSocketImpl.socketConnect(DualStackPlainSocketImpl.java:85)
                        	at java.net.AbstractPlainSocketImpl.doConnect(AbstractPlainSocketImpl.java:350)
                        	at java.net.AbstractPlainSocketImpl.connectToAddress(AbstractPlainSocketImpl.java:206)
                        	at java.net.AbstractPlainSocketImpl.connect(AbstractPlainSocketImpl.java:188)
                        	at java.net.PlainSocketImpl.connect(PlainSocketImpl.java:172)
                        	at java.net.SocksSocketImpl.connect(SocksSocketImpl.java:392)
                        	at java.net.Socket.connect(Socket.java:589)
                        	at org.apache.http.conn.socket.PlainConnectionSocketFactory.connectSocket(PlainConnectionSocketFactory.java:74)
                        	at org.apache.http.impl.conn.DefaultHttpClientConnectionOperator.connect(DefaultHttpClientConnectionOperator.java:141)
                        	... 50 more
                     </pre>
                  </div>
               </td>
            </tr>
            <tr id="com.stta.SuiteOne.SuiteOneCaseTwo_SuiteOneCaseTwoTest_byStatus_failed_FAIL2_row"
                class="testMethodStatusFAIL">
               <td width="100%" class="firstMethodCell">
                  <a onclick="toggleDetailsVisibility('com.stta.SuiteOne.SuiteOneCaseTwo_SuiteOneCaseTwoTest_byStatus_failed_FAIL2_details')">SuiteOneCaseTwoTest(4
                     
                     ,
                     
                     2
                     
                     ,
                     
                     5
                     
                     ,
                     
                     -3)
                  </a>
               </td>
               <td nowrap="true">16:18:36</td>
               <td nowrap="true" align="right">22s
                  
               </td>
               <td nowrap="true">
                  <a onclick="toggleDetailsVisibility('com.stta.SuiteOne.SuiteOneCaseTwo_SuiteOneCaseTwoTest_byStatus_failed_FAIL2_exception')">org.openqa.selenium.WebDriverException: 
                     org.apache.http.conn.HttpHostConnectException: Connect to localhost:35221 [localhost/127.0.0.1, localhost/0:0:0:0:0:0:0:1]
                     failed: Connection refused: connect
                     Build info: version: 'unknown', revision: '3169782', time: '2016-09-29 10:24:50 -0700'
                     System info: host: 'DELLDQRHWX1', ip: '192.168.10.215', os.name: 'Windows 10', os.arch: 'amd64', os.version: '10.0', java.version:
                     '1.8.0_101'
                     Driver info: driver.version: FirefoxDriver
                     
                  </a>
                   
                  
               </td>
            </tr>
            <tr>
               <td colspan="4" class="detailsBox">
                  <div id="com.stta.SuiteOne.SuiteOneCaseTwo_SuiteOneCaseTwoTest_byStatus_failed_FAIL2_details"
                       class="testMethodDetails">
                     <div>
                        <b>Name: </b>SuiteOneCaseTwoTest
                     </div>
                     <div>
                        <b>Signature: </b>SuiteOneCaseTwoTest(java.lang.String, java.lang.String, java.lang.String, java.lang.String)[pri:0, instance:com.stta.SuiteOne.SuiteOneCaseTwo@16c0663d]
                     </div>
                     <div>
                        <b>Parameters: </b>
                        
                        4
                        
                        ,
                        
                        2
                        
                        ,
                        
                        5
                        
                        ,
                        
                        -3
                        
                        
                     </div>
                     <div>
                        <b>Start time: </b>16:18:36
                     </div>
                     <div>
                        <b>End time: </b>16:18:58
                     </div>
                     <div>
                        <b>Duration: </b>22s
                        
                     </div>
                  </div>
               </td>
            </tr>
            <tr>
               <td colspan="4" class="detailsBox">
                  <div id="com.stta.SuiteOne.SuiteOneCaseTwo_SuiteOneCaseTwoTest_byStatus_failed_FAIL2_exception"
                       class="testMethodDetails">
                     <pre style="padding: 5px; margin: 0;">org.openqa.selenium.WebDriverException: org.apache.http.conn.HttpHostConnectException: Connect to localhost:35221 [localhost/127.0.0.1,
                        localhost/0:0:0:0:0:0:0:1] failed: Connection refused: connect
                        Build info: version: 'unknown', revision: '3169782', time: '2016-09-29 10:24:50 -0700'
                        System info: host: 'DELLDQRHWX1', ip: '192.168.10.215', os.name: 'Windows 10', os.arch: 'amd64', os.version: '10.0', java.version:
                        '1.8.0_101'
                        Driver info: driver.version: FirefoxDriver
                        	at org.openqa.selenium.remote.service.DriverCommandExecutor.execute(DriverCommandExecutor.java:91)
                        	at org.openqa.selenium.remote.RemoteWebDriver.execute(RemoteWebDriver.java:602)
                        	at org.openqa.selenium.remote.RemoteWebDriver.startSession(RemoteWebDriver.java:242)
                        	at org.openqa.selenium.remote.RemoteWebDriver.&lt;init&gt;(RemoteWebDriver.java:129)
                        	at org.openqa.selenium.firefox.FirefoxDriver.&lt;init&gt;(FirefoxDriver.java:247)
                        	at org.openqa.selenium.firefox.FirefoxDriver.&lt;init&gt;(FirefoxDriver.java:235)
                        	at org.openqa.selenium.firefox.FirefoxDriver.&lt;init&gt;(FirefoxDriver.java:230)
                        	at org.openqa.selenium.firefox.FirefoxDriver.&lt;init&gt;(FirefoxDriver.java:226)
                        	at org.openqa.selenium.firefox.FirefoxDriver.&lt;init&gt;(FirefoxDriver.java:124)
                        	at com.stta.TestSuiteBase.SuiteBase.loadWebBrowser(SuiteBase.java:37)
                        	at com.stta.SuiteOne.SuiteOneCaseTwo.SuiteOneCaseTwoTest(SuiteOneCaseTwo.java:81)
                        	at sun.reflect.NativeMethodAccessorImpl.invoke0(Native Method)
                        	at sun.reflect.NativeMethodAccessorImpl.invoke(NativeMethodAccessorImpl.java:62)
                        	at sun.reflect.DelegatingMethodAccessorImpl.invoke(DelegatingMethodAccessorImpl.java:43)
                        	at java.lang.reflect.Method.invoke(Method.java:498)
                        	at org.testng.internal.MethodInvocationHelper.invokeMethod(MethodInvocationHelper.java:100)
                        	at org.testng.internal.Invoker.invokeMethod(Invoker.java:646)
                        	at org.testng.internal.Invoker.invokeTestMethod(Invoker.java:811)
                        	at org.testng.internal.Invoker.invokeTestMethods(Invoker.java:1137)
                        	at org.testng.internal.TestMethodWorker.invokeTestMethods(TestMethodWorker.java:129)
                        	at org.testng.internal.TestMethodWorker.run(TestMethodWorker.java:112)
                        	at org.testng.TestRunner.privateRun(TestRunner.java:753)
                        	at org.testng.TestRunner.run(TestRunner.java:607)
                        	at org.testng.SuiteRunner.runTest(SuiteRunner.java:368)
                        	at org.testng.SuiteRunner.runSequentially(SuiteRunner.java:363)
                        	at org.testng.SuiteRunner.privateRun(SuiteRunner.java:321)
                        	at org.testng.SuiteRunner.run(SuiteRunner.java:270)
                        	at org.testng.SuiteRunnerWorker.runSuite(SuiteRunnerWorker.java:52)
                        	at org.testng.SuiteRunnerWorker.run(SuiteRunnerWorker.java:86)
                        	at org.testng.TestNG.runSuitesSequentially(TestNG.java:1284)
                        	at org.testng.TestNG.runSuitesSequentially(TestNG.java:1280)
                        	at org.testng.TestNG.runSuitesLocally(TestNG.java:1209)
                        	at org.testng.TestNG.runSuites(TestNG.java:1124)
                        	at org.testng.TestNG.run(TestNG.java:1096)
                        	at org.testng.TestNG.privateMain(TestNG.java:1425)
                        	at org.testng.TestNG.main(TestNG.java:1394)
                        Caused by: org.apache.http.conn.HttpHostConnectException: Connect to localhost:35221 [localhost/127.0.0.1, localhost/0:0:0:0:0:0:0:1]
                        failed: Connection refused: connect
                        	at org.apache.http.impl.conn.DefaultHttpClientConnectionOperator.connect(DefaultHttpClientConnectionOperator.java:158)
                        	at org.apache.http.impl.conn.PoolingHttpClientConnectionManager.connect(PoolingHttpClientConnectionManager.java:353)
                        	at org.apache.http.impl.execchain.MainClientExec.establishRoute(MainClientExec.java:380)
                        	at org.apache.http.impl.execchain.MainClientExec.execute(MainClientExec.java:236)
                        	at org.apache.http.impl.execchain.ProtocolExec.execute(ProtocolExec.java:184)
                        	at org.apache.http.impl.execchain.RetryExec.execute(RetryExec.java:88)
                        	at org.apache.http.impl.execchain.RedirectExec.execute(RedirectExec.java:110)
                        	at org.apache.http.impl.client.InternalHttpClient.doExecute(InternalHttpClient.java:184)
                        	at org.apache.http.impl.client.CloseableHttpClient.execute(CloseableHttpClient.java:71)
                        	at org.apache.http.impl.client.CloseableHttpClient.execute(CloseableHttpClient.java:55)
                        	at org.openqa.selenium.remote.internal.ApacheHttpClient.fallBackExecute(ApacheHttpClient.java:142)
                        	at org.openqa.selenium.remote.internal.ApacheHttpClient.execute(ApacheHttpClient.java:88)
                        	at org.openqa.selenium.remote.ProtocolHandshake.createSession(ProtocolHandshake.java:97)
                        	at org.openqa.selenium.remote.ProtocolHandshake.createSession(ProtocolHandshake.java:55)
                        	at org.openqa.selenium.remote.HttpCommandExecutor.execute(HttpCommandExecutor.java:141)
                        	at org.openqa.selenium.remote.service.DriverCommandExecutor.execute(DriverCommandExecutor.java:82)
                        	... 35 more
                        Caused by: java.net.ConnectException: Connection refused: connect
                        	at java.net.DualStackPlainSocketImpl.waitForConnect(Native Method)
                        	at java.net.DualStackPlainSocketImpl.socketConnect(DualStackPlainSocketImpl.java:85)
                        	at java.net.AbstractPlainSocketImpl.doConnect(AbstractPlainSocketImpl.java:350)
                        	at java.net.AbstractPlainSocketImpl.connectToAddress(AbstractPlainSocketImpl.java:206)
                        	at java.net.AbstractPlainSocketImpl.connect(AbstractPlainSocketImpl.java:188)
                        	at java.net.PlainSocketImpl.connect(PlainSocketImpl.java:172)
                        	at java.net.SocksSocketImpl.connect(SocksSocketImpl.java:392)
                        	at java.net.Socket.connect(Socket.java:589)
                        	at org.apache.http.conn.socket.PlainConnectionSocketFactory.connectSocket(PlainConnectionSocketFactory.java:74)
                        	at org.apache.http.impl.conn.DefaultHttpClientConnectionOperator.connect(DefaultHttpClientConnectionOperator.java:141)
                        	... 50 more
                     </pre>
                  </div>
               </td>
            </tr>
            <tr id="com.stta.SuiteOne.SuiteOneCaseTwo_closeBrowser_byStatus_failed_FAIL3_row"
                class="testMethodStatusFAIL testMethodStatusCONF">
               <td width="100%" class="firstMethodCell">
                  <a onclick="toggleDetailsVisibility('com.stta.SuiteOne.SuiteOneCaseTwo_closeBrowser_byStatus_failed_FAIL3_details')">closeBrowser()</a>
               </td>
               <td nowrap="true">16:18:58</td>
               <td nowrap="true" align="right">0 ms
                  
               </td>
               <td nowrap="true">
                  <a onclick="toggleDetailsVisibility('com.stta.SuiteOne.SuiteOneCaseTwo_closeBrowser_byStatus_failed_FAIL3_exception')">java.lang.NullPointerException: </a>
                   
                  
               </td>
            </tr>
            <tr>
               <td colspan="4" class="detailsBox">
                  <div id="com.stta.SuiteOne.SuiteOneCaseTwo_closeBrowser_byStatus_failed_FAIL3_details"
                       class="testMethodDetails">
                     <div>
                        <b>Name: </b>closeBrowser
                     </div>
                     <div>
                        <b>Signature: </b>closeBrowser()[pri:0, instance:com.stta.SuiteOne.SuiteOneCaseTwo@16c0663d]
                     </div>
                     <div>
                        <b>Start time: </b>16:18:58
                     </div>
                     <div>
                        <b>End time: </b>16:18:58
                     </div>
                     <div>
                        <b>Duration: </b>0 ms
                        
                     </div>
                  </div>
               </td>
            </tr>
            <tr>
               <td colspan="4" class="detailsBox">
                  <div id="com.stta.SuiteOne.SuiteOneCaseTwo_closeBrowser_byStatus_failed_FAIL3_exception"
                       class="testMethodDetails">
                     <pre style="padding: 5px; margin: 0;">java.lang.NullPointerException
                        	at com.stta.TestSuiteBase.SuiteBase.closeWebBrowser(SuiteBase.java:45)
                        	at com.stta.SuiteOne.SuiteOneCaseTwo.closeBrowser(SuiteOneCaseTwo.java:127)
                        	at sun.reflect.NativeMethodAccessorImpl.invoke0(Native Method)
                        	at sun.reflect.NativeMethodAccessorImpl.invoke(NativeMethodAccessorImpl.java:62)
                        	at sun.reflect.DelegatingMethodAccessorImpl.invoke(DelegatingMethodAccessorImpl.java:43)
                        	at java.lang.reflect.Method.invoke(Method.java:498)
                        	at org.testng.internal.MethodInvocationHelper.invokeMethod(MethodInvocationHelper.java:100)
                        	at org.testng.internal.Invoker.invokeConfigurationMethod(Invoker.java:515)
                        	at org.testng.internal.Invoker.invokeConfigurations(Invoker.java:216)
                        	at org.testng.internal.Invoker.invokeConfigurations(Invoker.java:143)
                        	at org.testng.TestRunner.afterRun(TestRunner.java:980)
                        	at org.testng.TestRunner.run(TestRunner.java:611)
                        	at org.testng.SuiteRunner.runTest(SuiteRunner.java:368)
                        	at org.testng.SuiteRunner.runSequentially(SuiteRunner.java:363)
                        	at org.testng.SuiteRunner.privateRun(SuiteRunner.java:321)
                        	at org.testng.SuiteRunner.run(SuiteRunner.java:270)
                        	at org.testng.SuiteRunnerWorker.runSuite(SuiteRunnerWorker.java:52)
                        	at org.testng.SuiteRunnerWorker.run(SuiteRunnerWorker.java:86)
                        	at org.testng.TestNG.runSuitesSequentially(TestNG.java:1284)
                        	at org.testng.TestNG.runSuitesSequentially(TestNG.java:1280)
                        	at org.testng.TestNG.runSuitesLocally(TestNG.java:1209)
                        	at org.testng.TestNG.runSuites(TestNG.java:1124)
                        	at org.testng.TestNG.run(TestNG.java:1096)
                        	at org.testng.TestNG.privateMain(TestNG.java:1425)
                        	at org.testng.TestNG.main(TestNG.java:1394)
                     </pre>
                  </div>
               </td>
            </tr>
            <tr id="com.stta.SuiteOne.SuiteOneCaseTwo_checkSuiteToRun_byStatus_passed_PASS1_row"
                class="testMethodStatusPASS testMethodStatusCONF">
               <td width="100%" class="firstMethodCell">
                  <a onclick="toggleDetailsVisibility('com.stta.SuiteOne.SuiteOneCaseTwo_checkSuiteToRun_byStatus_passed_PASS1_details')">checkSuiteToRun()</a>
               </td>
               <td nowrap="true">16:17:29</td>
               <td nowrap="true" align="right">239 ms
                  
               </td>
               <td nowrap="true">
                   
                  
               </td>
            </tr>
            <tr>
               <td colspan="4" class="detailsBox">
                  <div id="com.stta.SuiteOne.SuiteOneCaseTwo_checkSuiteToRun_byStatus_passed_PASS1_details"
                       class="testMethodDetails">
                     <div>
                        <b>Name: </b>checkSuiteToRun
                     </div>
                     <div>
                        <b>Signature: </b>checkSuiteToRun()[pri:0, instance:com.stta.SuiteOne.SuiteOneCaseTwo@16c0663d]
                     </div>
                     <div>
                        <b>Start time: </b>16:17:29
                     </div>
                     <div>
                        <b>End time: </b>16:17:30
                     </div>
                     <div>
                        <b>Duration: </b>239 ms
                        
                     </div>
                  </div>
               </td>
            </tr>
            <tr></tr>
            <tr id="com.stta.SuiteOne.SuiteOneCaseTwo_checkCaseToRun_byStatus_passed_PASS2_row"
                class="testMethodStatusPASS testMethodStatusCONF">
               <td width="100%" class="firstMethodCell">
                  <a onclick="toggleDetailsVisibility('com.stta.SuiteOne.SuiteOneCaseTwo_checkCaseToRun_byStatus_passed_PASS2_details')">checkCaseToRun()</a>
               </td>
               <td nowrap="true">16:18:14</td>
               <td nowrap="true" align="right">5 ms
                  
               </td>
               <td nowrap="true">
                   
                  
               </td>
            </tr>
            <tr>
               <td colspan="4" class="detailsBox">
                  <div id="com.stta.SuiteOne.SuiteOneCaseTwo_checkCaseToRun_byStatus_passed_PASS2_details"
                       class="testMethodDetails">
                     <div>
                        <b>Name: </b>checkCaseToRun
                     </div>
                     <div>
                        <b>Signature: </b>checkCaseToRun()[pri:0, instance:com.stta.SuiteOne.SuiteOneCaseTwo@16c0663d]
                     </div>
                     <div>
                        <b>Start time: </b>16:18:14
                     </div>
                     <div>
                        <b>End time: </b>16:18:14
                     </div>
                     <div>
                        <b>Duration: </b>5 ms
                        
                     </div>
                  </div>
               </td>
            </tr>
            <tr></tr>
            <tr id="com.stta.SuiteOne.SuiteOneCaseTwo_reporterDataResults_byStatus_passed_PASS3_row"
                class="testMethodStatusPASS testMethodStatusCONF">
               <td width="100%" class="firstMethodCell">
                  <a onclick="toggleDetailsVisibility('com.stta.SuiteOne.SuiteOneCaseTwo_reporterDataResults_byStatus_passed_PASS3_details')">reporterDataResults()</a>
               </td>
               <td nowrap="true">16:18:36</td>
               <td nowrap="true" align="right">14 ms
                  
               </td>
               <td nowrap="true">
                   
                  
               </td>
            </tr>
            <tr>
               <td colspan="4" class="detailsBox">
                  <div id="com.stta.SuiteOne.SuiteOneCaseTwo_reporterDataResults_byStatus_passed_PASS3_details"
                       class="testMethodDetails">
                     <div>
                        <b>Name: </b>reporterDataResults
                     </div>
                     <div>
                        <b>Signature: </b>reporterDataResults()[pri:0, instance:com.stta.SuiteOne.SuiteOneCaseTwo@16c0663d]
                     </div>
                     <div>
                        <b>Start time: </b>16:18:36
                     </div>
                     <div>
                        <b>End time: </b>16:18:36
                     </div>
                     <div>
                        <b>Duration: </b>14 ms
                        
                     </div>
                  </div>
               </td>
            </tr>
            <tr></tr>
            <tr id="com.stta.SuiteOne.SuiteOneCaseTwo_reporterDataResults_byStatus_passed_PASS4_row"
                class="testMethodStatusPASS testMethodStatusCONF">
               <td width="100%" class="firstMethodCell">
                  <a onclick="toggleDetailsVisibility('com.stta.SuiteOne.SuiteOneCaseTwo_reporterDataResults_byStatus_passed_PASS4_details')">reporterDataResults()</a>
               </td>
               <td nowrap="true">16:18:58</td>
               <td nowrap="true" align="right">13 ms
                  
               </td>
               <td nowrap="true">
                   
                  
               </td>
            </tr>
            <tr>
               <td colspan="4" class="detailsBox">
                  <div id="com.stta.SuiteOne.SuiteOneCaseTwo_reporterDataResults_byStatus_passed_PASS4_details"
                       class="testMethodDetails">
                     <div>
                        <b>Name: </b>reporterDataResults
                     </div>
                     <div>
                        <b>Signature: </b>reporterDataResults()[pri:0, instance:com.stta.SuiteOne.SuiteOneCaseTwo@16c0663d]
                     </div>
                     <div>
                        <b>Start time: </b>16:18:58
                     </div>
                     <div>
                        <b>End time: </b>16:18:58
                     </div>
                     <div>
                        <b>Duration: </b>13 ms
                        
                     </div>
                  </div>
               </td>
            </tr>
            <tr></tr>
         </table>
      </div>
      <div id="testMethodsByClass" style="display: none;">
         <table class="testMethodsTable" cellpadding="0" cellspacing="0">
            <tr>
               <td colspan="4">
                  <h3 style="display: inline;">com.stta.SuiteOne.SuiteOneCaseTwo</h3>
               </td>
            </tr>
            <tr class="methodsTableHeader">
               <td width="100%">Name</td>
               <td nowrap="true">Started</td>
               <td nowrap="true">Duration</td>
               <td>Exception</td>
            </tr>
            <tr id="com.stta.SuiteOne.SuiteOneCaseTwo_checkSuiteToRun_byClass_PASS1_row"
                class="testMethodStatusPASS testMethodStatusCONF">
               <td width="100%" class="firstMethodCell">
                  <a onclick="toggleDetailsVisibility('com.stta.SuiteOne.SuiteOneCaseTwo_checkSuiteToRun_byClass_PASS1_details')">checkSuiteToRun()</a>
               </td>
               <td nowrap="true">16:17:29</td>
               <td nowrap="true" align="right">239 ms
                  
               </td>
               <td nowrap="true">
                   
                  
               </td>
            </tr>
            <tr>
               <td colspan="4" class="detailsBox">
                  <div id="com.stta.SuiteOne.SuiteOneCaseTwo_checkSuiteToRun_byClass_PASS1_details"
                       class="testMethodDetails">
                     <div>
                        <b>Name: </b>checkSuiteToRun
                     </div>
                     <div>
                        <b>Signature: </b>checkSuiteToRun()[pri:0, instance:com.stta.SuiteOne.SuiteOneCaseTwo@16c0663d]
                     </div>
                     <div>
                        <b>Start time: </b>16:17:29
                     </div>
                     <div>
                        <b>End time: </b>16:17:30
                     </div>
                     <div>
                        <b>Duration: </b>239 ms
                        
                     </div>
                  </div>
               </td>
            </tr>
            <tr></tr>
            <tr id="com.stta.SuiteOne.SuiteOneCaseTwo_checkCaseToRun_byClass_PASS2_row"
                class="testMethodStatusPASS testMethodStatusCONF">
               <td width="100%" class="firstMethodCell">
                  <a onclick="toggleDetailsVisibility('com.stta.SuiteOne.SuiteOneCaseTwo_checkCaseToRun_byClass_PASS2_details')">checkCaseToRun()</a>
               </td>
               <td nowrap="true">16:18:14</td>
               <td nowrap="true" align="right">5 ms
                  
               </td>
               <td nowrap="true">
                   
                  
               </td>
            </tr>
            <tr>
               <td colspan="4" class="detailsBox">
                  <div id="com.stta.SuiteOne.SuiteOneCaseTwo_checkCaseToRun_byClass_PASS2_details"
                       class="testMethodDetails">
                     <div>
                        <b>Name: </b>checkCaseToRun
                     </div>
                     <div>
                        <b>Signature: </b>checkCaseToRun()[pri:0, instance:com.stta.SuiteOne.SuiteOneCaseTwo@16c0663d]
                     </div>
                     <div>
                        <b>Start time: </b>16:18:14
                     </div>
                     <div>
                        <b>End time: </b>16:18:14
                     </div>
                     <div>
                        <b>Duration: </b>5 ms
                        
                     </div>
                  </div>
               </td>
            </tr>
            <tr></tr>
            <tr id="com.stta.SuiteOne.SuiteOneCaseTwo_SuiteOneCaseTwoTest_byClass_FAIL3_row"
                class="testMethodStatusFAIL">
               <td width="100%" class="firstMethodCell">
                  <a onclick="toggleDetailsVisibility('com.stta.SuiteOne.SuiteOneCaseTwo_SuiteOneCaseTwoTest_byClass_FAIL3_details')">SuiteOneCaseTwoTest(9
                     
                     ,
                     
                     3
                     
                     ,
                     
                     2
                     
                     ,
                     
                     4)
                  </a>
               </td>
               <td nowrap="true">16:18:14</td>
               <td nowrap="true" align="right">22s
                  
               </td>
               <td nowrap="true">
                  <a onclick="toggleDetailsVisibility('com.stta.SuiteOne.SuiteOneCaseTwo_SuiteOneCaseTwoTest_byClass_FAIL3_exception')">org.openqa.selenium.WebDriverException: 
                     org.apache.http.conn.HttpHostConnectException: Connect to localhost:13624 [localhost/127.0.0.1, localhost/0:0:0:0:0:0:0:1]
                     failed: Connection refused: connect
                     Build info: version: 'unknown', revision: '3169782', time: '2016-09-29 10:24:50 -0700'
                     System info: host: 'DELLDQRHWX1', ip: '192.168.10.215', os.name: 'Windows 10', os.arch: 'amd64', os.version: '10.0', java.version:
                     '1.8.0_101'
                     Driver info: driver.version: FirefoxDriver
                     
                  </a>
                   
                  
               </td>
            </tr>
            <tr>
               <td colspan="4" class="detailsBox">
                  <div id="com.stta.SuiteOne.SuiteOneCaseTwo_SuiteOneCaseTwoTest_byClass_FAIL3_details"
                       class="testMethodDetails">
                     <div>
                        <b>Name: </b>SuiteOneCaseTwoTest
                     </div>
                     <div>
                        <b>Signature: </b>SuiteOneCaseTwoTest(java.lang.String, java.lang.String, java.lang.String, java.lang.String)[pri:0, instance:com.stta.SuiteOne.SuiteOneCaseTwo@16c0663d]
                     </div>
                     <div>
                        <b>Parameters: </b>
                        
                        9
                        
                        ,
                        
                        3
                        
                        ,
                        
                        2
                        
                        ,
                        
                        4
                        
                        
                     </div>
                     <div>
                        <b>Start time: </b>16:18:14
                     </div>
                     <div>
                        <b>End time: </b>16:18:36
                     </div>
                     <div>
                        <b>Duration: </b>22s
                        
                     </div>
                  </div>
               </td>
            </tr>
            <tr>
               <td colspan="4" class="detailsBox">
                  <div id="com.stta.SuiteOne.SuiteOneCaseTwo_SuiteOneCaseTwoTest_byClass_FAIL3_exception"
                       class="testMethodDetails">
                     <pre style="padding: 5px; margin: 0;">org.openqa.selenium.WebDriverException: org.apache.http.conn.HttpHostConnectException: Connect to localhost:13624 [localhost/127.0.0.1,
                        localhost/0:0:0:0:0:0:0:1] failed: Connection refused: connect
                        Build info: version: 'unknown', revision: '3169782', time: '2016-09-29 10:24:50 -0700'
                        System info: host: 'DELLDQRHWX1', ip: '192.168.10.215', os.name: 'Windows 10', os.arch: 'amd64', os.version: '10.0', java.version:
                        '1.8.0_101'
                        Driver info: driver.version: FirefoxDriver
                        	at org.openqa.selenium.remote.service.DriverCommandExecutor.execute(DriverCommandExecutor.java:91)
                        	at org.openqa.selenium.remote.RemoteWebDriver.execute(RemoteWebDriver.java:602)
                        	at org.openqa.selenium.remote.RemoteWebDriver.startSession(RemoteWebDriver.java:242)
                        	at org.openqa.selenium.remote.RemoteWebDriver.&lt;init&gt;(RemoteWebDriver.java:129)
                        	at org.openqa.selenium.firefox.FirefoxDriver.&lt;init&gt;(FirefoxDriver.java:247)
                        	at org.openqa.selenium.firefox.FirefoxDriver.&lt;init&gt;(FirefoxDriver.java:235)
                        	at org.openqa.selenium.firefox.FirefoxDriver.&lt;init&gt;(FirefoxDriver.java:230)
                        	at org.openqa.selenium.firefox.FirefoxDriver.&lt;init&gt;(FirefoxDriver.java:226)
                        	at org.openqa.selenium.firefox.FirefoxDriver.&lt;init&gt;(FirefoxDriver.java:124)
                        	at com.stta.TestSuiteBase.SuiteBase.loadWebBrowser(SuiteBase.java:37)
                        	at com.stta.SuiteOne.SuiteOneCaseTwo.SuiteOneCaseTwoTest(SuiteOneCaseTwo.java:81)
                        	at sun.reflect.NativeMethodAccessorImpl.invoke0(Native Method)
                        	at sun.reflect.NativeMethodAccessorImpl.invoke(NativeMethodAccessorImpl.java:62)
                        	at sun.reflect.DelegatingMethodAccessorImpl.invoke(DelegatingMethodAccessorImpl.java:43)
                        	at java.lang.reflect.Method.invoke(Method.java:498)
                        	at org.testng.internal.MethodInvocationHelper.invokeMethod(MethodInvocationHelper.java:100)
                        	at org.testng.internal.Invoker.invokeMethod(Invoker.java:646)
                        	at org.testng.internal.Invoker.invokeTestMethod(Invoker.java:811)
                        	at org.testng.internal.Invoker.invokeTestMethods(Invoker.java:1137)
                        	at org.testng.internal.TestMethodWorker.invokeTestMethods(TestMethodWorker.java:129)
                        	at org.testng.internal.TestMethodWorker.run(TestMethodWorker.java:112)
                        	at org.testng.TestRunner.privateRun(TestRunner.java:753)
                        	at org.testng.TestRunner.run(TestRunner.java:607)
                        	at org.testng.SuiteRunner.runTest(SuiteRunner.java:368)
                        	at org.testng.SuiteRunner.runSequentially(SuiteRunner.java:363)
                        	at org.testng.SuiteRunner.privateRun(SuiteRunner.java:321)
                        	at org.testng.SuiteRunner.run(SuiteRunner.java:270)
                        	at org.testng.SuiteRunnerWorker.runSuite(SuiteRunnerWorker.java:52)
                        	at org.testng.SuiteRunnerWorker.run(SuiteRunnerWorker.java:86)
                        	at org.testng.TestNG.runSuitesSequentially(TestNG.java:1284)
                        	at org.testng.TestNG.runSuitesSequentially(TestNG.java:1280)
                        	at org.testng.TestNG.runSuitesLocally(TestNG.java:1209)
                        	at org.testng.TestNG.runSuites(TestNG.java:1124)
                        	at org.testng.TestNG.run(TestNG.java:1096)
                        	at org.testng.TestNG.privateMain(TestNG.java:1425)
                        	at org.testng.TestNG.main(TestNG.java:1394)
                        Caused by: org.apache.http.conn.HttpHostConnectException: Connect to localhost:13624 [localhost/127.0.0.1, localhost/0:0:0:0:0:0:0:1]
                        failed: Connection refused: connect
                        	at org.apache.http.impl.conn.DefaultHttpClientConnectionOperator.connect(DefaultHttpClientConnectionOperator.java:158)
                        	at org.apache.http.impl.conn.PoolingHttpClientConnectionManager.connect(PoolingHttpClientConnectionManager.java:353)
                        	at org.apache.http.impl.execchain.MainClientExec.establishRoute(MainClientExec.java:380)
                        	at org.apache.http.impl.execchain.MainClientExec.execute(MainClientExec.java:236)
                        	at org.apache.http.impl.execchain.ProtocolExec.execute(ProtocolExec.java:184)
                        	at org.apache.http.impl.execchain.RetryExec.execute(RetryExec.java:88)
                        	at org.apache.http.impl.execchain.RedirectExec.execute(RedirectExec.java:110)
                        	at org.apache.http.impl.client.InternalHttpClient.doExecute(InternalHttpClient.java:184)
                        	at org.apache.http.impl.client.CloseableHttpClient.execute(CloseableHttpClient.java:71)
                        	at org.apache.http.impl.client.CloseableHttpClient.execute(CloseableHttpClient.java:55)
                        	at org.openqa.selenium.remote.internal.ApacheHttpClient.fallBackExecute(ApacheHttpClient.java:142)
                        	at org.openqa.selenium.remote.internal.ApacheHttpClient.execute(ApacheHttpClient.java:88)
                        	at org.openqa.selenium.remote.ProtocolHandshake.createSession(ProtocolHandshake.java:97)
                        	at org.openqa.selenium.remote.ProtocolHandshake.createSession(ProtocolHandshake.java:55)
                        	at org.openqa.selenium.remote.HttpCommandExecutor.execute(HttpCommandExecutor.java:141)
                        	at org.openqa.selenium.remote.service.DriverCommandExecutor.execute(DriverCommandExecutor.java:82)
                        	... 35 more
                        Caused by: java.net.ConnectException: Connection refused: connect
                        	at java.net.DualStackPlainSocketImpl.waitForConnect(Native Method)
                        	at java.net.DualStackPlainSocketImpl.socketConnect(DualStackPlainSocketImpl.java:85)
                        	at java.net.AbstractPlainSocketImpl.doConnect(AbstractPlainSocketImpl.java:350)
                        	at java.net.AbstractPlainSocketImpl.connectToAddress(AbstractPlainSocketImpl.java:206)
                        	at java.net.AbstractPlainSocketImpl.connect(AbstractPlainSocketImpl.java:188)
                        	at java.net.PlainSocketImpl.connect(PlainSocketImpl.java:172)
                        	at java.net.SocksSocketImpl.connect(SocksSocketImpl.java:392)
                        	at java.net.Socket.connect(Socket.java:589)
                        	at org.apache.http.conn.socket.PlainConnectionSocketFactory.connectSocket(PlainConnectionSocketFactory.java:74)
                        	at org.apache.http.impl.conn.DefaultHttpClientConnectionOperator.connect(DefaultHttpClientConnectionOperator.java:141)
                        	... 50 more
                     </pre>
                  </div>
               </td>
            </tr>
            <tr id="com.stta.SuiteOne.SuiteOneCaseTwo_reporterDataResults_byClass_PASS4_row"
                class="testMethodStatusPASS testMethodStatusCONF">
               <td width="100%" class="firstMethodCell">
                  <a onclick="toggleDetailsVisibility('com.stta.SuiteOne.SuiteOneCaseTwo_reporterDataResults_byClass_PASS4_details')">reporterDataResults()</a>
               </td>
               <td nowrap="true">16:18:36</td>
               <td nowrap="true" align="right">14 ms
                  
               </td>
               <td nowrap="true">
                   
                  
               </td>
            </tr>
            <tr>
               <td colspan="4" class="detailsBox">
                  <div id="com.stta.SuiteOne.SuiteOneCaseTwo_reporterDataResults_byClass_PASS4_details"
                       class="testMethodDetails">
                     <div>
                        <b>Name: </b>reporterDataResults
                     </div>
                     <div>
                        <b>Signature: </b>reporterDataResults()[pri:0, instance:com.stta.SuiteOne.SuiteOneCaseTwo@16c0663d]
                     </div>
                     <div>
                        <b>Start time: </b>16:18:36
                     </div>
                     <div>
                        <b>End time: </b>16:18:36
                     </div>
                     <div>
                        <b>Duration: </b>14 ms
                        
                     </div>
                  </div>
               </td>
            </tr>
            <tr></tr>
            <tr id="com.stta.SuiteOne.SuiteOneCaseTwo_SuiteOneCaseTwoTest_byClass_FAIL5_row"
                class="testMethodStatusFAIL">
               <td width="100%" class="firstMethodCell">
                  <a onclick="toggleDetailsVisibility('com.stta.SuiteOne.SuiteOneCaseTwo_SuiteOneCaseTwoTest_byClass_FAIL5_details')">SuiteOneCaseTwoTest(4
                     
                     ,
                     
                     2
                     
                     ,
                     
                     5
                     
                     ,
                     
                     -3)
                  </a>
               </td>
               <td nowrap="true">16:18:36</td>
               <td nowrap="true" align="right">22s
                  
               </td>
               <td nowrap="true">
                  <a onclick="toggleDetailsVisibility('com.stta.SuiteOne.SuiteOneCaseTwo_SuiteOneCaseTwoTest_byClass_FAIL5_exception')">org.openqa.selenium.WebDriverException: 
                     org.apache.http.conn.HttpHostConnectException: Connect to localhost:35221 [localhost/127.0.0.1, localhost/0:0:0:0:0:0:0:1]
                     failed: Connection refused: connect
                     Build info: version: 'unknown', revision: '3169782', time: '2016-09-29 10:24:50 -0700'
                     System info: host: 'DELLDQRHWX1', ip: '192.168.10.215', os.name: 'Windows 10', os.arch: 'amd64', os.version: '10.0', java.version:
                     '1.8.0_101'
                     Driver info: driver.version: FirefoxDriver
                     
                  </a>
                   
                  
               </td>
            </tr>
            <tr>
               <td colspan="4" class="detailsBox">
                  <div id="com.stta.SuiteOne.SuiteOneCaseTwo_SuiteOneCaseTwoTest_byClass_FAIL5_details"
                       class="testMethodDetails">
                     <div>
                        <b>Name: </b>SuiteOneCaseTwoTest
                     </div>
                     <div>
                        <b>Signature: </b>SuiteOneCaseTwoTest(java.lang.String, java.lang.String, java.lang.String, java.lang.String)[pri:0, instance:com.stta.SuiteOne.SuiteOneCaseTwo@16c0663d]
                     </div>
                     <div>
                        <b>Parameters: </b>
                        
                        4
                        
                        ,
                        
                        2
                        
                        ,
                        
                        5
                        
                        ,
                        
                        -3
                        
                        
                     </div>
                     <div>
                        <b>Start time: </b>16:18:36
                     </div>
                     <div>
                        <b>End time: </b>16:18:58
                     </div>
                     <div>
                        <b>Duration: </b>22s
                        
                     </div>
                  </div>
               </td>
            </tr>
            <tr>
               <td colspan="4" class="detailsBox">
                  <div id="com.stta.SuiteOne.SuiteOneCaseTwo_SuiteOneCaseTwoTest_byClass_FAIL5_exception"
                       class="testMethodDetails">
                     <pre style="padding: 5px; margin: 0;">org.openqa.selenium.WebDriverException: org.apache.http.conn.HttpHostConnectException: Connect to localhost:35221 [localhost/127.0.0.1,
                        localhost/0:0:0:0:0:0:0:1] failed: Connection refused: connect
                        Build info: version: 'unknown', revision: '3169782', time: '2016-09-29 10:24:50 -0700'
                        System info: host: 'DELLDQRHWX1', ip: '192.168.10.215', os.name: 'Windows 10', os.arch: 'amd64', os.version: '10.0', java.version:
                        '1.8.0_101'
                        Driver info: driver.version: FirefoxDriver
                        	at org.openqa.selenium.remote.service.DriverCommandExecutor.execute(DriverCommandExecutor.java:91)
                        	at org.openqa.selenium.remote.RemoteWebDriver.execute(RemoteWebDriver.java:602)
                        	at org.openqa.selenium.remote.RemoteWebDriver.startSession(RemoteWebDriver.java:242)
                        	at org.openqa.selenium.remote.RemoteWebDriver.&lt;init&gt;(RemoteWebDriver.java:129)
                        	at org.openqa.selenium.firefox.FirefoxDriver.&lt;init&gt;(FirefoxDriver.java:247)
                        	at org.openqa.selenium.firefox.FirefoxDriver.&lt;init&gt;(FirefoxDriver.java:235)
                        	at org.openqa.selenium.firefox.FirefoxDriver.&lt;init&gt;(FirefoxDriver.java:230)
                        	at org.openqa.selenium.firefox.FirefoxDriver.&lt;init&gt;(FirefoxDriver.java:226)
                        	at org.openqa.selenium.firefox.FirefoxDriver.&lt;init&gt;(FirefoxDriver.java:124)
                        	at com.stta.TestSuiteBase.SuiteBase.loadWebBrowser(SuiteBase.java:37)
                        	at com.stta.SuiteOne.SuiteOneCaseTwo.SuiteOneCaseTwoTest(SuiteOneCaseTwo.java:81)
                        	at sun.reflect.NativeMethodAccessorImpl.invoke0(Native Method)
                        	at sun.reflect.NativeMethodAccessorImpl.invoke(NativeMethodAccessorImpl.java:62)
                        	at sun.reflect.DelegatingMethodAccessorImpl.invoke(DelegatingMethodAccessorImpl.java:43)
                        	at java.lang.reflect.Method.invoke(Method.java:498)
                        	at org.testng.internal.MethodInvocationHelper.invokeMethod(MethodInvocationHelper.java:100)
                        	at org.testng.internal.Invoker.invokeMethod(Invoker.java:646)
                        	at org.testng.internal.Invoker.invokeTestMethod(Invoker.java:811)
                        	at org.testng.internal.Invoker.invokeTestMethods(Invoker.java:1137)
                        	at org.testng.internal.TestMethodWorker.invokeTestMethods(TestMethodWorker.java:129)
                        	at org.testng.internal.TestMethodWorker.run(TestMethodWorker.java:112)
                        	at org.testng.TestRunner.privateRun(TestRunner.java:753)
                        	at org.testng.TestRunner.run(TestRunner.java:607)
                        	at org.testng.SuiteRunner.runTest(SuiteRunner.java:368)
                        	at org.testng.SuiteRunner.runSequentially(SuiteRunner.java:363)
                        	at org.testng.SuiteRunner.privateRun(SuiteRunner.java:321)
                        	at org.testng.SuiteRunner.run(SuiteRunner.java:270)
                        	at org.testng.SuiteRunnerWorker.runSuite(SuiteRunnerWorker.java:52)
                        	at org.testng.SuiteRunnerWorker.run(SuiteRunnerWorker.java:86)
                        	at org.testng.TestNG.runSuitesSequentially(TestNG.java:1284)
                        	at org.testng.TestNG.runSuitesSequentially(TestNG.java:1280)
                        	at org.testng.TestNG.runSuitesLocally(TestNG.java:1209)
                        	at org.testng.TestNG.runSuites(TestNG.java:1124)
                        	at org.testng.TestNG.run(TestNG.java:1096)
                        	at org.testng.TestNG.privateMain(TestNG.java:1425)
                        	at org.testng.TestNG.main(TestNG.java:1394)
                        Caused by: org.apache.http.conn.HttpHostConnectException: Connect to localhost:35221 [localhost/127.0.0.1, localhost/0:0:0:0:0:0:0:1]
                        failed: Connection refused: connect
                        	at org.apache.http.impl.conn.DefaultHttpClientConnectionOperator.connect(DefaultHttpClientConnectionOperator.java:158)
                        	at org.apache.http.impl.conn.PoolingHttpClientConnectionManager.connect(PoolingHttpClientConnectionManager.java:353)
                        	at org.apache.http.impl.execchain.MainClientExec.establishRoute(MainClientExec.java:380)
                        	at org.apache.http.impl.execchain.MainClientExec.execute(MainClientExec.java:236)
                        	at org.apache.http.impl.execchain.ProtocolExec.execute(ProtocolExec.java:184)
                        	at org.apache.http.impl.execchain.RetryExec.execute(RetryExec.java:88)
                        	at org.apache.http.impl.execchain.RedirectExec.execute(RedirectExec.java:110)
                        	at org.apache.http.impl.client.InternalHttpClient.doExecute(InternalHttpClient.java:184)
                        	at org.apache.http.impl.client.CloseableHttpClient.execute(CloseableHttpClient.java:71)
                        	at org.apache.http.impl.client.CloseableHttpClient.execute(CloseableHttpClient.java:55)
                        	at org.openqa.selenium.remote.internal.ApacheHttpClient.fallBackExecute(ApacheHttpClient.java:142)
                        	at org.openqa.selenium.remote.internal.ApacheHttpClient.execute(ApacheHttpClient.java:88)
                        	at org.openqa.selenium.remote.ProtocolHandshake.createSession(ProtocolHandshake.java:97)
                        	at org.openqa.selenium.remote.ProtocolHandshake.createSession(ProtocolHandshake.java:55)
                        	at org.openqa.selenium.remote.HttpCommandExecutor.execute(HttpCommandExecutor.java:141)
                        	at org.openqa.selenium.remote.service.DriverCommandExecutor.execute(DriverCommandExecutor.java:82)
                        	... 35 more
                        Caused by: java.net.ConnectException: Connection refused: connect
                        	at java.net.DualStackPlainSocketImpl.waitForConnect(Native Method)
                        	at java.net.DualStackPlainSocketImpl.socketConnect(DualStackPlainSocketImpl.java:85)
                        	at java.net.AbstractPlainSocketImpl.doConnect(AbstractPlainSocketImpl.java:350)
                        	at java.net.AbstractPlainSocketImpl.connectToAddress(AbstractPlainSocketImpl.java:206)
                        	at java.net.AbstractPlainSocketImpl.connect(AbstractPlainSocketImpl.java:188)
                        	at java.net.PlainSocketImpl.connect(PlainSocketImpl.java:172)
                        	at java.net.SocksSocketImpl.connect(SocksSocketImpl.java:392)
                        	at java.net.Socket.connect(Socket.java:589)
                        	at org.apache.http.conn.socket.PlainConnectionSocketFactory.connectSocket(PlainConnectionSocketFactory.java:74)
                        	at org.apache.http.impl.conn.DefaultHttpClientConnectionOperator.connect(DefaultHttpClientConnectionOperator.java:141)
                        	... 50 more
                     </pre>
                  </div>
               </td>
            </tr>
            <tr id="com.stta.SuiteOne.SuiteOneCaseTwo_reporterDataResults_byClass_PASS6_row"
                class="testMethodStatusPASS testMethodStatusCONF">
               <td width="100%" class="firstMethodCell">
                  <a onclick="toggleDetailsVisibility('com.stta.SuiteOne.SuiteOneCaseTwo_reporterDataResults_byClass_PASS6_details')">reporterDataResults()</a>
               </td>
               <td nowrap="true">16:18:58</td>
               <td nowrap="true" align="right">13 ms
                  
               </td>
               <td nowrap="true">
                   
                  
               </td>
            </tr>
            <tr>
               <td colspan="4" class="detailsBox">
                  <div id="com.stta.SuiteOne.SuiteOneCaseTwo_reporterDataResults_byClass_PASS6_details"
                       class="testMethodDetails">
                     <div>
                        <b>Name: </b>reporterDataResults
                     </div>
                     <div>
                        <b>Signature: </b>reporterDataResults()[pri:0, instance:com.stta.SuiteOne.SuiteOneCaseTwo@16c0663d]
                     </div>
                     <div>
                        <b>Start time: </b>16:18:58
                     </div>
                     <div>
                        <b>End time: </b>16:18:58
                     </div>
                     <div>
                        <b>Duration: </b>13 ms
                        
                     </div>
                  </div>
               </td>
            </tr>
            <tr></tr>
            <tr id="com.stta.SuiteOne.SuiteOneCaseTwo_closeBrowser_byClass_FAIL7_row"
                class="testMethodStatusFAIL testMethodStatusCONF">
               <td width="100%" class="firstMethodCell">
                  <a onclick="toggleDetailsVisibility('com.stta.SuiteOne.SuiteOneCaseTwo_closeBrowser_byClass_FAIL7_details')">closeBrowser()</a>
               </td>
               <td nowrap="true">16:18:58</td>
               <td nowrap="true" align="right">0 ms
                  
               </td>
               <td nowrap="true">
                  <a onclick="toggleDetailsVisibility('com.stta.SuiteOne.SuiteOneCaseTwo_closeBrowser_byClass_FAIL7_exception')">java.lang.NullPointerException: </a>
                   
                  
               </td>
            </tr>
            <tr>
               <td colspan="4" class="detailsBox">
                  <div id="com.stta.SuiteOne.SuiteOneCaseTwo_closeBrowser_byClass_FAIL7_details"
                       class="testMethodDetails">
                     <div>
                        <b>Name: </b>closeBrowser
                     </div>
                     <div>
                        <b>Signature: </b>closeBrowser()[pri:0, instance:com.stta.SuiteOne.SuiteOneCaseTwo@16c0663d]
                     </div>
                     <div>
                        <b>Start time: </b>16:18:58
                     </div>
                     <div>
                        <b>End time: </b>16:18:58
                     </div>
                     <div>
                        <b>Duration: </b>0 ms
                        
                     </div>
                  </div>
               </td>
            </tr>
            <tr>
               <td colspan="4" class="detailsBox">
                  <div id="com.stta.SuiteOne.SuiteOneCaseTwo_closeBrowser_byClass_FAIL7_exception"
                       class="testMethodDetails">
                     <pre style="padding: 5px; margin: 0;">java.lang.NullPointerException
                        	at com.stta.TestSuiteBase.SuiteBase.closeWebBrowser(SuiteBase.java:45)
                        	at com.stta.SuiteOne.SuiteOneCaseTwo.closeBrowser(SuiteOneCaseTwo.java:127)
                        	at sun.reflect.NativeMethodAccessorImpl.invoke0(Native Method)
                        	at sun.reflect.NativeMethodAccessorImpl.invoke(NativeMethodAccessorImpl.java:62)
                        	at sun.reflect.DelegatingMethodAccessorImpl.invoke(DelegatingMethodAccessorImpl.java:43)
                        	at java.lang.reflect.Method.invoke(Method.java:498)
                        	at org.testng.internal.MethodInvocationHelper.invokeMethod(MethodInvocationHelper.java:100)
                        	at org.testng.internal.Invoker.invokeConfigurationMethod(Invoker.java:515)
                        	at org.testng.internal.Invoker.invokeConfigurations(Invoker.java:216)
                        	at org.testng.internal.Invoker.invokeConfigurations(Invoker.java:143)
                        	at org.testng.TestRunner.afterRun(TestRunner.java:980)
                        	at org.testng.TestRunner.run(TestRunner.java:611)
                        	at org.testng.SuiteRunner.runTest(SuiteRunner.java:368)
                        	at org.testng.SuiteRunner.runSequentially(SuiteRunner.java:363)
                        	at org.testng.SuiteRunner.privateRun(SuiteRunner.java:321)
                        	at org.testng.SuiteRunner.run(SuiteRunner.java:270)
                        	at org.testng.SuiteRunnerWorker.runSuite(SuiteRunnerWorker.java:52)
                        	at org.testng.SuiteRunnerWorker.run(SuiteRunnerWorker.java:86)
                        	at org.testng.TestNG.runSuitesSequentially(TestNG.java:1284)
                        	at org.testng.TestNG.runSuitesSequentially(TestNG.java:1280)
                        	at org.testng.TestNG.runSuitesLocally(TestNG.java:1209)
                        	at org.testng.TestNG.runSuites(TestNG.java:1124)
                        	at org.testng.TestNG.run(TestNG.java:1096)
                        	at org.testng.TestNG.privateMain(TestNG.java:1425)
                        	at org.testng.TestNG.main(TestNG.java:1394)
                     </pre>
                  </div>
               </td>
            </tr>
         </table>
         <br></br>
      </div>
      <div style="margin-top: 15px; color: gray; text-align: center; font-size: 9px;">
         Generated with
         
         <a href="http://code.google.com/p/testng-xslt/" style="color: #8888aa;"
            target="_blank">
            TestNG XSLT
            
         </a>
      </div>
   </body>
</html>