<?xml version="1.0" encoding="UTF-8"?>
<!-- Generated by org.testng.reporters.JUnitXMLReporter -->
<testsuite hostname="DELLDQRHWX1" name="SuiteOneCaseTwo" tests="2" failures="2" timestamp="20 Oct 2016 08:50:21 GMT" time="9.384" errors="0">
  <testcase name="SuiteOneCaseTwoTest" time="6.908" classname="com.stta.SuiteOne.SuiteOneCaseTwo">
    <failure type="java.lang.NullPointerException">
      <![CDATA[java.lang.NullPointerException
	at com.stta.SuiteOne.SuiteOneCaseTwo.SuiteOneCaseTwoTest(SuiteOneCaseTwo.java:87)
... Removed 26 stack frames]]>
    </failure>
  </testcase> <!-- SuiteOneCaseTwoTest -->
  <testcase name="SuiteOneCaseTwoTest" time="1.203" classname="com.stta.SuiteOne.SuiteOneCaseTwo">
    <failure type="java.lang.NullPointerException">
      <![CDATA[java.lang.NullPointerException
	at com.stta.SuiteOne.SuiteOneCaseTwo.SuiteOneCaseTwoTest(SuiteOneCaseTwo.java:87)
... Removed 26 stack frames]]>
    </failure>
  </testcase> <!-- SuiteOneCaseTwoTest -->
</testsuite> <!-- SuiteOneCaseTwo -->
