<?xml version="1.0" encoding="UTF-8"?>
<!-- Generated by org.testng.reporters.JUnitXMLReporter -->
<testsuite hostname="DELLDQRHWX1" name="SuiteTwoCaseOne" tests="2" failures="2" timestamp="20 Oct 2016 08:50:31 GMT" time="9.147" errors="0">
  <testcase name="SuiteTwoCaseOneTest" time="6.572" classname="com.stta.SuiteTwo.SuiteTwoCaseOne">
    <failure type="java.lang.NullPointerException">
      <![CDATA[java.lang.NullPointerException
	at com.stta.SuiteTwo.SuiteTwoCaseOne.SuiteTwoCaseOneTest(SuiteTwoCaseOne.java:86)
... Removed 26 stack frames]]>
    </failure>
  </testcase> <!-- SuiteTwoCaseOneTest -->
  <testcase name="SuiteTwoCaseOneTest" time="1.173" classname="com.stta.SuiteTwo.SuiteTwoCaseOne">
    <failure type="java.lang.NullPointerException">
      <![CDATA[java.lang.NullPointerException
	at com.stta.SuiteTwo.SuiteTwoCaseOne.SuiteTwoCaseOneTest(SuiteTwoCaseOne.java:86)
... Removed 26 stack frames]]>
    </failure>
  </testcase> <!-- SuiteTwoCaseOneTest -->
</testsuite> <!-- SuiteTwoCaseOne -->
