<?xml version="1.0" encoding="UTF-8"?>
<!-- Generated by org.testng.reporters.JUnitXMLReporter -->
<testsuite hostname="DELLDQRHWX1" name="SuiteTwoCaseTwo" tests="2" failures="2" timestamp="20 Oct 2016 08:50:39 GMT" time="8.047" errors="0">
  <testcase name="SuiteTwoCaseTwoTest" time="5.805" classname="com.stta.SuiteTwo.SuiteTwoCaseTwo">
    <failure type="java.lang.NullPointerException">
      <![CDATA[java.lang.NullPointerException
	at com.stta.SuiteTwo.SuiteTwoCaseTwo.SuiteTwoCaseTwoTest(SuiteTwoCaseTwo.java:86)
... Removed 26 stack frames]]>
    </failure>
  </testcase> <!-- SuiteTwoCaseTwoTest -->
  <testcase name="SuiteTwoCaseTwoTest" time="0.894" classname="com.stta.SuiteTwo.SuiteTwoCaseTwo">
    <failure type="java.lang.NullPointerException">
      <![CDATA[java.lang.NullPointerException
	at com.stta.SuiteTwo.SuiteTwoCaseTwo.SuiteTwoCaseTwoTest(SuiteTwoCaseTwo.java:86)
... Removed 26 stack frames]]>
    </failure>
  </testcase> <!-- SuiteTwoCaseTwoTest -->
</testsuite> <!-- SuiteTwoCaseTwo -->
